690080012
407012030
025000874
902050487
068040391
001090000
300400200
050100000
000806000
1
2
3
1
2
3
4
5
1
2
3
4
1
2
3
4
5
6
7
8
9
5
6
7
1
2
3
4
5
6
7
8
9
8
9
6
7
1
2
3
4
1
2
3
4
5
1
2
3
4
5
6
7
8
1
2
3
4
5
1
2
3
4
5
6
1
2
3
4
5
6
7
8
9
1
1
2
3
1
2
3
4
5
6
1
2
3
4
5
6
7
8
9
1
2
3
1
2
3
4
5
6
1
1
2
3
4
5
1
2
1
2
3
4
5
6
7
1
2
3
4
5
6
7
1
2
3
4
1
2
3
4
5
6
7
8
9
5
6
7
8
9
8
9
8
9
3
4
5
6
7
8
9
6
7
1
2
1
2
3
4
5
6
7
8
9
3
4
5
6
7
8
9
8
9
2
3
4
5
6
7
8
9
7
8
9
4
5
6
7
8
9
7
8
9
4
5
6
1
2
3
1
2
3
4
5
6
7
8
9
1
2
3
1
2
3
4
5
6
7
8
9
4
5
6
7
8
9
4
5
6
7
8
9
7
8
9
1
2
3
1
2
3
4
5
6
7
8
9
4
5
6
1
2
3
1
2
3
1
2
3
4
5
6
1
1
2
3
4
5
1
2
1
2
3
4
5
6
7
1
2
3
4
5
6
7
1
2
3
4
1
2
3
1
2
3
4
5
6
7
8
1
2
3
4
5
6
7
8
9
9
4
5
6
7
8
9
5
6
7
8
9
8
9
8
9
3
4
5
6
7
8
9
6
7
1
2
1
2
3
4
5
6
7
8
9
3
4
5
6
7
8
9
8
9
2
3
4
5
6
7
8
9
7
8
9
4
5
6
7
8
9
4
5
6
7
8
9
7
8
9
2
3
4
5
6
7
8
9
7
8
9
1
2
3
4
5
6
1
1
2
3
1
2
3
4
5
6
1
2
3
4
5
6
7
8
9
1
2
3
1
2
3
4
5
6
1
1
2
3
4
5
1
2
1
2
3
4
5
6
7
1
2
3
4
5
6
7
1
2
3
4
1
2
3
4
5
6
7
8
9
5
6
7
8
9
8
9
8
9
3
4
5
6
7
8
9
6
7
1
2
1
2
3
4
5
6
7
8
9
3
4
5
6
7
8
9
8
9
2
3
4
5
6
7
8
9
7
8
9
4
5
6
7
8
9
7
8
9
4
5
6
1
2
3
1
2
3
4
5
6
7
8
9
1
2
3
1
2
3
4
5
6
7
8
9
4
5
6
7
8
9
4
5
6
7
8
9
7
8
9
1
2
3
1
2
3
4
5
6
7
8
9
4
5
6
1
2
3
1
2
3
1
2
3
4
5
6
1
1
2
3
4
5
1
2
1
2
3
4
5
6
7
1
2
3
4
5
6
7
1
2
3
4
1
2
3
1
2
3
4
5
6
7
8
1
2
3
4
5
6
1
2
1
2
3
4
5
1
1
2
3
4
5
6
1
2
3
4
5
6
7
1
2
3
4
5
1
2
3
4
5
6
7
8
9
6
7
8
9
1
2
3
4
5
1
2
3
4
5
6
7
8
1
2
1
2
3
4
1
2
3
1
2
3
4
5
6
7
8
9
4
5
6
7
8
9
5
6
7
8
9
1
2
3
1
2
3
4
5
6
7
8
9
4
5
6
7
8
9
3
4
5
6
7
8
1
2
3
4
1
2
1
2
3
4
5
6
7
8
9
3
1
2
3
4
5
6
7
8
9
4
5
6
7
8
9
5
6
7
8
9
1
2
1
2
3
4
5
6
7
8
9
3
1
2
3
4
5
6
7
8
9
4
5
6
7
8
9
9
9
6
7
8
9
8
9
7
8
9
1
2
3
4
5
6
7
1
2
3
4
5
1
2
3
4
5
6
1
2
3
4
5
6
7
8
1
2
1
2
3
4
1
2
3
1
2
3
4
5
6
7
8
9
1
2
3
4
5
6
7
1
2
3
4
5
6
7
8
9
8
9
4
5
6
7
8
9
5
6
1
2
3
1
2
3
4
5
6
7
8
9
1
2
3
4
5
6
7
1
2
3
4
1
2
3
4
5
6
7
8
9
5
6
7
8
9
8
9
4
5
6
7
8
9
7
8
9
3
4
5
6
7
8
1
2
3
4
1
2
1
2
3
4
5
6
7
8
9
1
2
3
4
5
6
7
1
2
3
4
5
6
7
8
9
8
9
3
1
2
3
4
5
6
7
8
9
1
2
3
4
5
6
7
1
2
3
4
5
6
7
8
9
8
9
4
5
6
7
8
9
5
6
1
2
1
2
3
4
5
6
7
8
9
1
2
3
4
5
6
7
1
2
3
4
1
2
3
1
2
1
2
3
4
5
6
7
1
2
3
4
1
2
3
1
1
2
3
4
5
1
2
3
4
5
6
7
8
9
693784512
487512936
125963874
932651487
568247391
741398625
319475268
856129743
274836159
6
7
8
9
2
3
4
5
6
7
8
9
4
5
6
7
8
9
5
6
7
8
9
8
9
3
4
5
6
7
8
9
4
5
6
7
8
9
5
6
7
8
9
8
9
3
1
2
3
4
5
6
7
8
9
1
2
3
4
5
6
7
1
2
3
4
1
2
3
4
5
6
7
8
9
5
6
7
8
9
8
9
4
5
6
7
8
9
7
8
9
9
9
7
8
9
6
7
8
9
8
9
2
3
4
5
6
7
1
2
3
4
5
6
1
2
3
4
5
6
7
8
9
7
8
9
1
2
3
4
5
6
7
8
9
8
9
6
7
8
9
3
4
5
1
2
3
4
5
6
7
8
9
6
7
8
9
7
8
9
9
4
5
6
7
8
9
5
6
7
8
9
8
9
8
9
3
4
5
6
7
8
9
6
7
1
2
1
2
3
4
5
6
7
8
9
3
4
5
6
7
8
9
8
9
2
3
4
5
6
7
8
9
7
8
9
4
5
6
7
8
9
4
5
6
7
8
9
7
8
9
2
3
4
5
6
7
8
9
7
8
9
6
1
2
3
4
5
6
7
8
9
1
2
3
4
5
6
7
8
9
7
8
9
1
2
3
4
5
6
1
2
3
4
5
6
7
8
9
7
8
9
9
6
7
8
9
5
1
2
3
4
5
6
7
8
9
6
7
8
9
8
9
4
5
6
7
8
9
